Release 14.7 - xst P.20131013 (nt)
Copyright (c) 1995-2013 Xilinx, Inc.  All rights reserved.
--> Parameter TMPDIR set to xst/projnav.tmp


Total REAL time to Xst completion: 0.00 secs
Total CPU time to Xst completion: 0.10 secs
 
--> Parameter xsthdpdir set to xst


Total REAL time to Xst completion: 0.00 secs
Total CPU time to Xst completion: 0.10 secs
 
--> Reading design: shifter.prj

TABLE OF CONTENTS
  1) Synthesis Options Summary
  2) HDL Parsing
  3) HDL Elaboration
  4) HDL Synthesis
       4.1) HDL Synthesis Report
  5) Advanced HDL Synthesis
       5.1) Advanced HDL Synthesis Report
  6) Low Level Synthesis
  7) Partition Report
  8) Design Summary
       8.1) Primitive and Black Box Usage
       8.2) Device utilization summary
       8.3) Partition Resource Summary
       8.4) Timing Report
            8.4.1) Clock Information
            8.4.2) Asynchronous Control Signals Information
            8.4.3) Timing Summary
            8.4.4) Timing Details
            8.4.5) Cross Clock Domains Report


=========================================================================
*                      Synthesis Options Summary                        *
=========================================================================
---- Source Parameters
Input File Name                    : "shifter.prj"
Ignore Synthesis Constraint File   : NO

---- Target Parameters
Output File Name                   : "shifter"
Output Format                      : NGC
Target Device                      : xc7a100t-1-csg324

---- Source Options
Top Module Name                    : shifter
Automatic FSM Extraction           : YES
FSM Encoding Algorithm             : Auto
Safe Implementation                : No
FSM Style                          : LUT
RAM Extraction                     : Yes
RAM Style                          : Auto
ROM Extraction                     : Yes
Shift Register Extraction          : YES
ROM Style                          : Auto
Resource Sharing                   : YES
Asynchronous To Synchronous        : NO
Shift Register Minimum Size        : 2
Use DSP Block                      : Auto
Automatic Register Balancing       : No

---- Target Options
LUT Combining                      : Auto
Reduce Control Sets                : Auto
Add IO Buffers                     : YES
Global Maximum Fanout              : 100000
Add Generic Clock Buffer(BUFG)     : 32
Register Duplication               : YES
Optimize Instantiated Primitives   : NO
Use Clock Enable                   : Auto
Use Synchronous Set                : Auto
Use Synchronous Reset              : Auto
Pack IO Registers into IOBs        : Auto
Equivalent register Removal        : YES

---- General Options
Optimization Goal                  : Speed
Optimization Effort                : 1
Power Reduction                    : NO
Keep Hierarchy                     : No
Netlist Hierarchy                  : As_Optimized
RTL Output                         : Yes
Global Optimization                : AllClockNets
Read Cores                         : YES
Write Timing Constraints           : NO
Cross Clock Analysis               : NO
Hierarchy Separator                : /
Bus Delimiter                      : <>
Case Specifier                     : Maintain
Slice Utilization Ratio            : 100
BRAM Utilization Ratio             : 100
DSP48 Utilization Ratio            : 100
Auto BRAM Packing                  : NO
Slice Utilization Ratio Delta      : 5

=========================================================================


=========================================================================
*                          HDL Parsing                                  *
=========================================================================
Parsing VHDL file "C:\Users\jw\Dropbox\EE4\CG3207\LAB\lab2\ALU\shifter.vhd" into library work
Parsing entity <shifter>.
Parsing architecture <Combi_Cascade> of entity <shifter>.

=========================================================================
*                            HDL Elaboration                            *
=========================================================================

Elaborating entity <shifter> (architecture <Combi_Cascade>) from library <work>.

=========================================================================
*                           HDL Synthesis                               *
=========================================================================

Synthesizing Unit <shifter>.
    Related source file is "C:\Users\jw\Dropbox\EE4\CG3207\LAB\lab2\ALU\shifter.vhd".
    Summary:
	inferred 351 Multiplexer(s).
Unit <shifter> synthesized.

=========================================================================
HDL Synthesis Report

Macro Statistics
# Multiplexers                                         : 351
 1-bit 2-to-1 multiplexer                              : 351

=========================================================================

=========================================================================
*                       Advanced HDL Synthesis                          *
=========================================================================


=========================================================================
Advanced HDL Synthesis Report

Macro Statistics
# Multiplexers                                         : 351
 1-bit 2-to-1 multiplexer                              : 351

=========================================================================

=========================================================================
*                         Low Level Synthesis                           *
=========================================================================

Optimizing unit <shifter> ...

Mapping all equations...
Building and optimizing final netlist ...
Found area constraint ratio of 100 (+ 5) on block shifter, actual ratio is 0.

Final Macro Processing ...

=========================================================================
Final Register Report

Found no macro
=========================================================================

=========================================================================
*                           Partition Report                            *
=========================================================================

Partition Implementation Status
-------------------------------

  No Partitions were found in this design.

-------------------------------

=========================================================================
*                            Design Summary                             *
=========================================================================

Top Level Output File Name         : shifter.ngc

Primitive and Black Box Usage:
------------------------------
# BELS                             : 178
#      LUT2                        : 4
#      LUT3                        : 7
#      LUT4                        : 6
#      LUT5                        : 94
#      LUT6                        : 54
#      MUXF7                       : 13
# IO Buffers                       : 71
#      IBUF                        : 39
#      OBUF                        : 32

Device utilization summary:
---------------------------

Selected Device : 7a100tcsg324-1 


Slice Logic Utilization: 
 Number of Slice LUTs:                  165  out of  63400     0%  
    Number used as Logic:               165  out of  63400     0%  

Slice Logic Distribution: 
 Number of LUT Flip Flop pairs used:    165
   Number with an unused Flip Flop:     165  out of    165   100%  
   Number with an unused LUT:             0  out of    165     0%  
   Number of fully used LUT-FF pairs:     0  out of    165     0%  
   Number of unique control sets:         0

IO Utilization: 
 Number of IOs:                          71
 Number of bonded IOBs:                  71  out of    210    33%  

Specific Feature Utilization:

---------------------------
Partition Resource Summary:
---------------------------

  No Partitions were found in this design.

---------------------------


=========================================================================
Timing Report

NOTE: THESE TIMING NUMBERS ARE ONLY A SYNTHESIS ESTIMATE.
      FOR ACCURATE TIMING INFORMATION PLEASE REFER TO THE TRACE REPORT
      GENERATED AFTER PLACE-and-ROUTE.

Clock Information:
------------------
No clock signals found in this design

Asynchronous Control Signals Information:
----------------------------------------
No asynchronous control signals found in this design

Timing Summary:
---------------
Speed Grade: -1

   Minimum period: No path found
   Minimum input arrival time before clock: No path found
   Maximum output required time after clock: No path found
   Maximum combinational path delay: 4.912ns

Timing Details:
---------------
All values displayed in nanoseconds (ns)

=========================================================================
Timing constraint: Default path analysis
  Total number of paths / destination ports: 6509 / 32
-------------------------------------------------------------------------
Delay:               4.912ns (Levels of Logic = 7)
  Source:            sel<0> (PAD)
  Destination:       data_out<10> (PAD)

  Data Path: sel<0> to data_out<10>
                                Gate     Net
    Cell:in->out      fanout   Delay   Delay  Logical Name (Net Name)
    ----------------------------------------  ------------
     IBUF:I->O            33   0.001   1.072  sel_0_IBUF (sel_0_IBUF)
     LUT5:I0->O            3   0.124   0.730  sel[0]_sel[0]_OR_59_o281 (sel[0]_sel[0]_OR_59_o_mmx_out7)
     LUT5:I2->O            3   0.124   0.730  sel[1]_sel[1]_OR_118_o131 (sel[1]_sel[1]_OR_118_o_mmx_out20)
     LUT5:I2->O            4   0.124   0.939  sel[2]_sel[2]_OR_185_o51 (sel[2]_sel[2]_OR_185_o_mmx_out13)
     LUT6:I1->O            1   0.124   0.421  Mmux_dat16<0>114 (Mmux_dat16<0>11)
     LUT6:I5->O            1   0.124   0.399  Mmux_dat16<0>115 (data_out_10_OBUF)
     OBUF:I->O                 0.000          data_out_10_OBUF (data_out<10>)
    ----------------------------------------
    Total                      4.912ns (0.621ns logic, 4.291ns route)
                                       (12.6% logic, 87.4% route)

=========================================================================

Cross Clock Domains Report:
--------------------------

=========================================================================


Total REAL time to Xst completion: 10.00 secs
Total CPU time to Xst completion: 10.11 secs
 
--> 

Total memory usage is 294088 kilobytes

Number of errors   :    0 (   0 filtered)
Number of warnings :    0 (   0 filtered)
Number of infos    :    0 (   0 filtered)

